<?xml version="1.0" encoding="UTF-8"?>
<TestRun id="a9d14656-0d00-446c-b419-3509947c2803" name="infomatique@ASUS 2012-07-27 12:28:24" runUser="asus\infomatique" xmlns="http://microsoft.com/schemas/VisualStudio/TeamTest/2010">
  <TestSettings name="Default Test Settings" id="ae63048c-1d10-4f8d-824a-fe84fa9015dd">
    <Deployment runDeploymentRoot="infomatique_ASUS 2012-07-27 12_28_24">
      <DeploymentItem filename="C:\Louise\Semester3\EnterpriseFrameworks\GroupProj\MupadoodleAPI-Complete\MupadoodleAPI.Tests\bin\Debug\WebGrease.dll" />
      <DeploymentItem filename="C:\Louise\Semester3\EnterpriseFrameworks\GroupProj\MupadoodleAPI-Complete\MupadoodleAPI.Tests\bin\Debug\Antlr3.Runtime.dll" />
      <DeploymentItem filename="C:\Louise\Semester3\EnterpriseFrameworks\GroupProj\MupadoodleAPI-Complete\MupadoodleAPI.Tests\bin\Debug\LumenWorks.Framework.IO.dll" />
      <DeploymentItem filename="C:\Louise\Semester3\EnterpriseFrameworks\GroupProj\MupadoodleAPI-Complete\packages\Microsoft.Net.Http.2.0.20505.0\lib\net40\System.Net.Http.dll" />
      <DeploymentItem filename="C:\Louise\Semester3\EnterpriseFrameworks\GroupProj\MupadoodleAPI-Complete\packages\Microsoft.AspNet.Providers.Core.1.0\lib\net40\System.Web.Providers.dll" />
      <DeploymentItem filename="C:\Louise\Semester3\EnterpriseFrameworks\GroupProj\MupadoodleAPI-Complete\packages\Microsoft.AspNet.WebPages.2.0.20505.0\lib\net40\System.Web.Helpers.dll" />
      <DeploymentItem filename="C:\Louise\Semester3\EnterpriseFrameworks\GroupProj\MupadoodleAPI-Complete\packages\Microsoft.AspNet.WebApi.Client.4.0.20505.0\lib\net40\System.Net.Http.Formatting.dll" />
      <DeploymentItem filename="C:\Louise\Semester3\EnterpriseFrameworks\GroupProj\MupadoodleAPI-Complete\packages\Microsoft.Web.Infrastructure.1.0.0.0\lib\net40\Microsoft.Web.Infrastructure.dll" />
      <DeploymentItem filename="C:\Louise\Semester3\EnterpriseFrameworks\GroupProj\MupadoodleAPI-Complete\packages\Microsoft.AspNet.Razor.2.0.20505.0\lib\net40\System.Web.Razor.dll" />
      <DeploymentItem filename="C:\Louise\Semester3\EnterpriseFrameworks\GroupProj\MupadoodleAPI-Complete\packages\Microsoft.AspNet.WebPages.2.0.20505.0\lib\net40\System.Web.WebPages.Razor.dll" />
      <DeploymentItem filename="C:\Louise\Semester3\EnterpriseFrameworks\GroupProj\MupadoodleAPI-Complete\packages\Microsoft.AspNet.WebPages.2.0.20505.0\lib\net40\System.Web.WebPages.dll" />
      <DeploymentItem filename="C:\Louise\Semester3\EnterpriseFrameworks\GroupProj\MupadoodleAPI-Complete\packages\Newtonsoft.Json.4.5.1\lib\net40\Newtonsoft.Json.dll" />
      <DeploymentItem filename="C:\Louise\Semester3\EnterpriseFrameworks\GroupProj\MupadoodleAPI-Complete\packages\Microsoft.AspNet.WebPages.2.0.20505.0\lib\net40\System.Web.WebPages.Deployment.dll" />
      <DeploymentItem filename="C:\Louise\Semester3\EnterpriseFrameworks\GroupProj\MupadoodleAPI-Complete\packages\Microsoft.AspNet.WebApi.WebHost.4.0.20505.0\lib\net40\System.Web.Http.WebHost.dll" />
      <DeploymentItem filename="C:\Program Files\NLog\.NET Framework 4.0\NLog.dll" />
      <DeploymentItem filename="C:\Louise\Semester3\EnterpriseFrameworks\GroupProj\MupadoodleAPI-Complete\packages\Microsoft.Net.Http.2.0.20505.0\lib\net40\System.Net.Http.WebRequest.dll" />
      <DeploymentItem filename="C:\Louise\Semester3\EnterpriseFrameworks\GroupProj\MupadoodleAPI-Complete\MupadoodleAPI.Tests\bin\Debug\EntityFramework.dll" />
      <DeploymentItem filename="C:\Louise\Semester3\EnterpriseFrameworks\GroupProj\MupadoodleAPI-Complete\MupadoodleAPI\bin\MupadoodleAPI.dll" />
      <DeploymentItem filename="C:\Louise\Semester3\EnterpriseFrameworks\GroupProj\MupadoodleAPI-Complete\MupadoodleAPI.Tests\bin\Debug\System.Web.Optimization.dll" />
      <DeploymentItem filename="C:\Louise\Semester3\EnterpriseFrameworks\GroupProj\MupadoodleAPI-Complete\packages\Microsoft.AspNet.Mvc.4.0.20505.0\lib\net40\System.Web.Mvc.dll" />
      <DeploymentItem filename="C:\Louise\Semester3\EnterpriseFrameworks\GroupProj\MupadoodleAPI-Complete\packages\Microsoft.AspNet.WebApi.Core.4.0.20505.0\lib\net40\System.Web.Http.dll" />
    </Deployment>
    <Execution>
      <TestTypeSpecific />
      <AgentRule name="Execution Agents">
      </AgentRule>
    </Execution>
  </TestSettings>
  <Times creation="2012-07-27T12:28:24.0555427+01:00" queuing="2012-07-27T12:28:26.9937108+01:00" start="2012-07-27T12:28:27.3167293+01:00" finish="2012-07-27T12:28:33.2930711+01:00" />
  <ResultSummary outcome="Completed">
    <Counters total="1" executed="1" passed="1" error="0" failed="0" timeout="0" aborted="0" inconclusive="0" passedButRunAborted="0" notRunnable="0" notExecuted="0" disconnected="0" warning="0" completed="0" inProgress="0" pending="0" />
  </ResultSummary>
  <TestDefinitions>
    <UnitTest name="getAllMuseumsFromDbTest" storage="c:\louise\semester3\enterpriseframeworks\groupproj\mupadoodleapi-complete\mupadoodleapi.tests\bin\debug\mupadoodleapi.tests.dll" id="83891d39-ed41-2160-cbce-3ba45d022c5e">
      <Execution id="c00e12ad-df5f-4ada-9370-cd478b11896f" />
      <TestMethod codeBase="C:/Louise/Semester3/EnterpriseFrameworks/GroupProj/MupadoodleAPI-Complete/MupadoodleAPI.Tests/bin/Debug/MupadoodleAPI.Tests.DLL" adapterTypeName="Microsoft.VisualStudio.TestTools.TestTypes.Unit.UnitTestAdapter, Microsoft.VisualStudio.QualityTools.Tips.UnitTest.Adapter, Version=10.0.0.0, Culture=neutral, PublicKeyToken=b03f5f7f11d50a3a" className="MupadoodleAPI.Tests.MuseumDALTest, MupadoodleAPI.Tests, Version=1.0.0.0, Culture=neutral, PublicKeyToken=null" name="getAllMuseumsFromDbTest" />
    </UnitTest>
  </TestDefinitions>
  <TestLists>
    <TestList name="Results Not in a List" id="8c84fa94-04c1-424b-9868-57a2d4851a1d" />
    <TestList name="All Loaded Results" id="19431567-8539-422a-85d7-44ee4e166bda" />
  </TestLists>
  <TestEntries>
    <TestEntry testId="83891d39-ed41-2160-cbce-3ba45d022c5e" executionId="c00e12ad-df5f-4ada-9370-cd478b11896f" testListId="8c84fa94-04c1-424b-9868-57a2d4851a1d" />
  </TestEntries>
  <Results>
    <UnitTestResult executionId="c00e12ad-df5f-4ada-9370-cd478b11896f" testId="83891d39-ed41-2160-cbce-3ba45d022c5e" testName="getAllMuseumsFromDbTest" computerName="ASUS" duration="00:00:04.4607146" startTime="2012-07-27T12:28:27.3327302+01:00" endTime="2012-07-27T12:28:32.6510344+01:00" testType="13cdc9d9-ddb5-4fa4-a97d-d965ccfc6d4b" outcome="Passed" testListId="8c84fa94-04c1-424b-9868-57a2d4851a1d" relativeResultsDirectory="c00e12ad-df5f-4ada-9370-cd478b11896f">
      <Output>
        <DebugTrace>Using connection strings property
LocalSqlServer: Name:           {0}
data source=.\SQLEXPRESS;Integrated Security=SSPI;AttachDBFilename=|DataDirectory|aspnetdb.mdf;User Instance=true: Connection String:           {0}
System.Data.SqlClient: Provider:           {0}
</DebugTrace>
      </Output>
    </UnitTestResult>
  </Results>
</TestRun>