<?xml version="1.0" encoding="UTF-8"?>
<TestRun id="20807011-db83-4788-aa06-1b4c1b2f88f0" name="infomatique@ASUS 2012-07-26 15:23:10" runUser="asus\infomatique" xmlns="http://microsoft.com/schemas/VisualStudio/TeamTest/2010">
  <TestSettings name="Default Test Settings" id="54d8ce93-723a-443b-801c-bbeb66653d64">
    <Deployment runDeploymentRoot="infomatique_ASUS 2012-07-26 15_23_10">
      <DeploymentItem filename="C:\Louise\Semester3\EnterpriseFrameworks\GroupProj\MupadoodleAPI-Complete\MupadoodleAPI.Tests\bin\Debug\WebGrease.dll" />
      <DeploymentItem filename="C:\Louise\Semester3\EnterpriseFrameworks\GroupProj\MupadoodleAPI-Complete\MupadoodleAPI.Tests\bin\Debug\Antlr3.Runtime.dll" />
      <DeploymentItem filename="C:\Louise\Semester3\EnterpriseFrameworks\GroupProj\MupadoodleAPI-Complete\MupadoodleAPI.Tests\bin\Debug\LumenWorks.Framework.IO.dll" />
      <DeploymentItem filename="C:\Louise\Semester3\EnterpriseFrameworks\GroupProj\MupadoodleAPI-Complete\packages\Microsoft.Net.Http.2.0.20505.0\lib\net40\System.Net.Http.dll" />
      <DeploymentItem filename="C:\Louise\Semester3\EnterpriseFrameworks\GroupProj\MupadoodleAPI-Complete\packages\Microsoft.AspNet.Providers.Core.1.0\lib\net40\System.Web.Providers.dll" />
      <DeploymentItem filename="C:\Louise\Semester3\EnterpriseFrameworks\GroupProj\MupadoodleAPI-Complete\packages\Microsoft.AspNet.WebPages.2.0.20505.0\lib\net40\System.Web.Helpers.dll" />
      <DeploymentItem filename="C:\Louise\Semester3\EnterpriseFrameworks\GroupProj\MupadoodleAPI-Complete\packages\Microsoft.AspNet.WebApi.Client.4.0.20505.0\lib\net40\System.Net.Http.Formatting.dll" />
      <DeploymentItem filename="C:\Louise\Semester3\EnterpriseFrameworks\GroupProj\MupadoodleAPI-Complete\packages\Microsoft.Web.Infrastructure.1.0.0.0\lib\net40\Microsoft.Web.Infrastructure.dll" />
      <DeploymentItem filename="C:\Louise\Semester3\EnterpriseFrameworks\GroupProj\MupadoodleAPI-Complete\packages\Microsoft.AspNet.Razor.2.0.20505.0\lib\net40\System.Web.Razor.dll" />
      <DeploymentItem filename="C:\Louise\Semester3\EnterpriseFrameworks\GroupProj\MupadoodleAPI-Complete\packages\Microsoft.AspNet.WebPages.2.0.20505.0\lib\net40\System.Web.WebPages.Razor.dll" />
      <DeploymentItem filename="C:\Louise\Semester3\EnterpriseFrameworks\GroupProj\MupadoodleAPI-Complete\packages\Microsoft.AspNet.WebPages.2.0.20505.0\lib\net40\System.Web.WebPages.dll" />
      <DeploymentItem filename="C:\Louise\Semester3\EnterpriseFrameworks\GroupProj\MupadoodleAPI-Complete\packages\Newtonsoft.Json.4.5.1\lib\net40\Newtonsoft.Json.dll" />
      <DeploymentItem filename="C:\Louise\Semester3\EnterpriseFrameworks\GroupProj\MupadoodleAPI-Complete\packages\Microsoft.AspNet.WebPages.2.0.20505.0\lib\net40\System.Web.WebPages.Deployment.dll" />
      <DeploymentItem filename="C:\Louise\Semester3\EnterpriseFrameworks\GroupProj\MupadoodleAPI-Complete\packages\Microsoft.AspNet.WebApi.WebHost.4.0.20505.0\lib\net40\System.Web.Http.WebHost.dll" />
      <DeploymentItem filename="C:\Program Files\NLog\.NET Framework 4.0\NLog.dll" />
      <DeploymentItem filename="C:\Louise\Semester3\EnterpriseFrameworks\GroupProj\MupadoodleAPI-Complete\packages\Microsoft.Net.Http.2.0.20505.0\lib\net40\System.Net.Http.WebRequest.dll" />
      <DeploymentItem filename="C:\Louise\Semester3\EnterpriseFrameworks\GroupProj\MupadoodleAPI-Complete\MupadoodleAPI.Tests\bin\Debug\EntityFramework.dll" />
      <DeploymentItem filename="C:\Louise\Semester3\EnterpriseFrameworks\GroupProj\MupadoodleAPI-Complete\MupadoodleAPI\bin\MupadoodleAPI.dll" />
      <DeploymentItem filename="C:\Louise\Semester3\EnterpriseFrameworks\GroupProj\MupadoodleAPI-Complete\MupadoodleAPI.Tests\bin\Debug\System.Web.Optimization.dll" />
      <DeploymentItem filename="C:\Louise\Semester3\EnterpriseFrameworks\GroupProj\MupadoodleAPI-Complete\packages\Microsoft.AspNet.Mvc.4.0.20505.0\lib\net40\System.Web.Mvc.dll" />
      <DeploymentItem filename="C:\Louise\Semester3\EnterpriseFrameworks\GroupProj\MupadoodleAPI-Complete\packages\Microsoft.AspNet.WebApi.Core.4.0.20505.0\lib\net40\System.Web.Http.dll" />
    </Deployment>
    <Execution>
      <TestTypeSpecific />
      <AgentRule name="Execution Agents">
      </AgentRule>
    </Execution>
  </TestSettings>
  <Times creation="2012-07-26T15:23:10.9148313+01:00" queuing="2012-07-26T15:23:11.8828867+01:00" start="2012-07-26T15:23:12.1529022+01:00" finish="2012-07-26T15:23:13.5609827+01:00" />
  <ResultSummary outcome="Completed">
    <Counters total="1" executed="1" passed="1" error="0" failed="0" timeout="0" aborted="0" inconclusive="0" passedButRunAborted="0" notRunnable="0" notExecuted="0" disconnected="0" warning="0" completed="0" inProgress="0" pending="0" />
  </ResultSummary>
  <TestDefinitions>
    <UnitTest name="parseMuseumsTest" storage="c:\louise\semester3\enterpriseframeworks\groupproj\mupadoodleapi-complete\mupadoodleapi.tests\bin\debug\mupadoodleapi.tests.dll" id="ed4a00bb-1100-73a9-0b5b-a7134fdc6366">
      <Execution id="2636ee65-5354-4a48-a805-a65be512729b" />
      <TestMethod codeBase="C:/Louise/Semester3/EnterpriseFrameworks/GroupProj/MupadoodleAPI-Complete/MupadoodleAPI.Tests/bin/Debug/MupadoodleAPI.Tests.DLL" adapterTypeName="Microsoft.VisualStudio.TestTools.TestTypes.Unit.UnitTestAdapter, Microsoft.VisualStudio.QualityTools.Tips.UnitTest.Adapter, Version=10.0.0.0, Culture=neutral, PublicKeyToken=b03f5f7f11d50a3a" className="MupadoodleAPI.Tests.CSVParserTest, MupadoodleAPI.Tests, Version=1.0.0.0, Culture=neutral, PublicKeyToken=null" name="parseMuseumsTest" />
    </UnitTest>
  </TestDefinitions>
  <TestLists>
    <TestList name="Results Not in a List" id="8c84fa94-04c1-424b-9868-57a2d4851a1d" />
    <TestList name="All Loaded Results" id="19431567-8539-422a-85d7-44ee4e166bda" />
  </TestLists>
  <TestEntries>
    <TestEntry testId="ed4a00bb-1100-73a9-0b5b-a7134fdc6366" executionId="2636ee65-5354-4a48-a805-a65be512729b" testListId="8c84fa94-04c1-424b-9868-57a2d4851a1d" />
  </TestEntries>
  <Results>
    <UnitTestResult executionId="2636ee65-5354-4a48-a805-a65be512729b" testId="ed4a00bb-1100-73a9-0b5b-a7134fdc6366" testName="parseMuseumsTest" computerName="ASUS" duration="00:00:00.1708251" startTime="2012-07-26T15:23:12.3919158+01:00" endTime="2012-07-26T15:23:13.2789666+01:00" testType="13cdc9d9-ddb5-4fa4-a97d-d965ccfc6d4b" outcome="Passed" testListId="8c84fa94-04c1-424b-9868-57a2d4851a1d" relativeResultsDirectory="2636ee65-5354-4a48-a805-a65be512729b">
    </UnitTestResult>
  </Results>
</TestRun>