<?xml version="1.0" encoding="UTF-8"?>
<TestRun id="58fb2cba-4238-47fd-a9b5-02b940299a9d" name="infomatique@ASUS 2012-07-26 15:20:23" runUser="asus\infomatique" xmlns="http://microsoft.com/schemas/VisualStudio/TeamTest/2010">
  <TestSettings name="Default Test Settings" id="d71f2fc8-c630-448d-8674-e69a9efab174">
    <Deployment userDeploymentRoot="C:\Louise\Semester3\EnterpriseFrameworks\GroupProj\MupadoodleAPI-Complete\TestResults" useDefaultDeploymentRoot="false" runDeploymentRoot="infomatique_ASUS 2012-07-26 15_20_23">
      <DeploymentItem filename="C:\Louise\Semester3\EnterpriseFrameworks\GroupProj\MupadoodleAPI-Complete\MupadoodleAPI.Tests\bin\Debug\WebGrease.dll" />
      <DeploymentItem filename="C:\Louise\Semester3\EnterpriseFrameworks\GroupProj\MupadoodleAPI-Complete\MupadoodleAPI.Tests\bin\Debug\Antlr3.Runtime.dll" />
      <DeploymentItem filename="C:\Louise\Semester3\EnterpriseFrameworks\GroupProj\MupadoodleAPI-Complete\MupadoodleAPI.Tests\bin\Debug\LumenWorks.Framework.IO.dll" />
      <DeploymentItem filename="C:\Louise\Semester3\EnterpriseFrameworks\GroupProj\MupadoodleAPI-Complete\packages\Microsoft.Net.Http.2.0.20505.0\lib\net40\System.Net.Http.dll" />
      <DeploymentItem filename="C:\Louise\Semester3\EnterpriseFrameworks\GroupProj\MupadoodleAPI-Complete\packages\Microsoft.AspNet.Providers.Core.1.0\lib\net40\System.Web.Providers.dll" />
      <DeploymentItem filename="C:\Louise\Semester3\EnterpriseFrameworks\GroupProj\MupadoodleAPI-Complete\packages\Microsoft.AspNet.WebPages.2.0.20505.0\lib\net40\System.Web.Helpers.dll" />
      <DeploymentItem filename="C:\Louise\Semester3\EnterpriseFrameworks\GroupProj\MupadoodleAPI-Complete\packages\Microsoft.AspNet.WebApi.Client.4.0.20505.0\lib\net40\System.Net.Http.Formatting.dll" />
      <DeploymentItem filename="C:\Louise\Semester3\EnterpriseFrameworks\GroupProj\MupadoodleAPI-Complete\packages\Microsoft.Web.Infrastructure.1.0.0.0\lib\net40\Microsoft.Web.Infrastructure.dll" />
      <DeploymentItem filename="C:\Louise\Semester3\EnterpriseFrameworks\GroupProj\MupadoodleAPI-Complete\packages\Microsoft.AspNet.Razor.2.0.20505.0\lib\net40\System.Web.Razor.dll" />
      <DeploymentItem filename="C:\Louise\Semester3\EnterpriseFrameworks\GroupProj\MupadoodleAPI-Complete\packages\Microsoft.AspNet.WebPages.2.0.20505.0\lib\net40\System.Web.WebPages.Razor.dll" />
      <DeploymentItem filename="C:\Louise\Semester3\EnterpriseFrameworks\GroupProj\MupadoodleAPI-Complete\packages\Microsoft.AspNet.WebPages.2.0.20505.0\lib\net40\System.Web.WebPages.dll" />
      <DeploymentItem filename="C:\Louise\Semester3\EnterpriseFrameworks\GroupProj\MupadoodleAPI-Complete\packages\Newtonsoft.Json.4.5.1\lib\net40\Newtonsoft.Json.dll" />
      <DeploymentItem filename="C:\Louise\Semester3\EnterpriseFrameworks\GroupProj\MupadoodleAPI-Complete\packages\Microsoft.AspNet.WebPages.2.0.20505.0\lib\net40\System.Web.WebPages.Deployment.dll" />
      <DeploymentItem filename="C:\Louise\Semester3\EnterpriseFrameworks\GroupProj\MupadoodleAPI-Complete\packages\Microsoft.AspNet.WebApi.WebHost.4.0.20505.0\lib\net40\System.Web.Http.WebHost.dll" />
      <DeploymentItem filename="C:\Program Files\NLog\.NET Framework 4.0\NLog.dll" />
      <DeploymentItem filename="C:\Louise\Semester3\EnterpriseFrameworks\GroupProj\MupadoodleAPI-Complete\packages\Microsoft.Net.Http.2.0.20505.0\lib\net40\System.Net.Http.WebRequest.dll" />
      <DeploymentItem filename="C:\Louise\Semester3\EnterpriseFrameworks\GroupProj\MupadoodleAPI-Complete\MupadoodleAPI.Tests\bin\Debug\EntityFramework.dll" />
      <DeploymentItem filename="C:\Louise\Semester3\EnterpriseFrameworks\GroupProj\MupadoodleAPI-Complete\MupadoodleAPI\bin\MupadoodleAPI.dll" />
      <DeploymentItem filename="C:\Louise\Semester3\EnterpriseFrameworks\GroupProj\MupadoodleAPI-Complete\MupadoodleAPI.Tests\bin\Debug\System.Web.Optimization.dll" />
      <DeploymentItem filename="C:\Louise\Semester3\EnterpriseFrameworks\GroupProj\MupadoodleAPI-Complete\packages\Microsoft.AspNet.Mvc.4.0.20505.0\lib\net40\System.Web.Mvc.dll" />
      <DeploymentItem filename="C:\Louise\Semester3\EnterpriseFrameworks\GroupProj\MupadoodleAPI-Complete\packages\Microsoft.AspNet.WebApi.Core.4.0.20505.0\lib\net40\System.Web.Http.dll" />
    </Deployment>
    <Execution>
      <TestTypeSpecific />
      <AgentRule name="Execution Agents">
      </AgentRule>
    </Execution>
  </TestSettings>
  <Times creation="2012-07-26T15:20:23.6642652+01:00" queuing="2012-07-26T15:20:24.7203256+01:00" start="2012-07-26T15:20:24.9953413+01:00" finish="2012-07-26T15:20:26.1374066+01:00" />
  <ResultSummary outcome="Completed">
    <Counters total="1" executed="1" passed="1" error="0" failed="0" timeout="0" aborted="0" inconclusive="0" passedButRunAborted="0" notRunnable="0" notExecuted="0" disconnected="0" warning="0" completed="0" inProgress="0" pending="0" />
  </ResultSummary>
  <TestDefinitions>
    <UnitTest name="parseShapeTest" storage="c:\louise\semester3\enterpriseframeworks\groupproj\mupadoodleapi-complete\mupadoodleapi.tests\bin\debug\mupadoodleapi.tests.dll" id="13616ed8-b3b0-79ce-c6a4-93b6f6f0ac76">
      <Execution id="88036859-2236-4238-a55d-313d806e0aca" />
      <TestMethod codeBase="C:/Louise/Semester3/EnterpriseFrameworks/GroupProj/MupadoodleAPI-Complete/MupadoodleAPI.Tests/bin/Debug/MupadoodleAPI.Tests.DLL" adapterTypeName="Microsoft.VisualStudio.TestTools.TestTypes.Unit.UnitTestAdapter, Microsoft.VisualStudio.QualityTools.Tips.UnitTest.Adapter, Version=10.0.0.0, Culture=neutral, PublicKeyToken=b03f5f7f11d50a3a" className="MupadoodleAPI.Tests.CSVParserTest, MupadoodleAPI.Tests, Version=1.0.0.0, Culture=neutral, PublicKeyToken=null" name="parseShapeTest" />
    </UnitTest>
  </TestDefinitions>
  <TestLists>
    <TestList name="Results Not in a List" id="8c84fa94-04c1-424b-9868-57a2d4851a1d" />
    <TestList name="All Loaded Results" id="19431567-8539-422a-85d7-44ee4e166bda" />
  </TestLists>
  <TestEntries>
    <TestEntry testId="13616ed8-b3b0-79ce-c6a4-93b6f6f0ac76" executionId="88036859-2236-4238-a55d-313d806e0aca" testListId="8c84fa94-04c1-424b-9868-57a2d4851a1d" />
  </TestEntries>
  <Results>
    <UnitTestResult executionId="88036859-2236-4238-a55d-313d806e0aca" testId="13616ed8-b3b0-79ce-c6a4-93b6f6f0ac76" testName="parseShapeTest" computerName="ASUS" duration="00:00:00.0689255" startTime="2012-07-26T15:20:25.2553562+01:00" endTime="2012-07-26T15:20:25.8753916+01:00" testType="13cdc9d9-ddb5-4fa4-a97d-d965ccfc6d4b" outcome="Passed" testListId="8c84fa94-04c1-424b-9868-57a2d4851a1d" relativeResultsDirectory="88036859-2236-4238-a55d-313d806e0aca">
    </UnitTestResult>
  </Results>
</TestRun>