<?xml version="1.0" encoding="UTF-8"?>
<TestRun id="cea61364-d870-4cf3-ab0f-f53a424bb1b8" name="infomatique@ASUS 2012-07-26 17:39:01" runUser="asus\infomatique" xmlns="http://microsoft.com/schemas/VisualStudio/TeamTest/2010">
  <TestSettings name="Default Test Settings" id="9ff1e3eb-4f48-4571-8080-bed068d16f43">
    <Deployment runDeploymentRoot="infomatique_ASUS 2012-07-26 17_39_01">
      <DeploymentItem filename="C:\Louise\Semester3\EnterpriseFrameworks\GroupProj\MupadoodleAPI-Complete\MupadoodleAPI.Tests\bin\Debug\WebGrease.dll" />
      <DeploymentItem filename="C:\Louise\Semester3\EnterpriseFrameworks\GroupProj\MupadoodleAPI-Complete\MupadoodleAPI.Tests\bin\Debug\Antlr3.Runtime.dll" />
      <DeploymentItem filename="C:\Louise\Semester3\EnterpriseFrameworks\GroupProj\MupadoodleAPI-Complete\MupadoodleAPI.Tests\bin\Debug\LumenWorks.Framework.IO.dll" />
      <DeploymentItem filename="C:\Louise\Semester3\EnterpriseFrameworks\GroupProj\MupadoodleAPI-Complete\packages\Microsoft.Net.Http.2.0.20505.0\lib\net40\System.Net.Http.dll" />
      <DeploymentItem filename="C:\Louise\Semester3\EnterpriseFrameworks\GroupProj\MupadoodleAPI-Complete\packages\Microsoft.AspNet.Providers.Core.1.0\lib\net40\System.Web.Providers.dll" />
      <DeploymentItem filename="C:\Louise\Semester3\EnterpriseFrameworks\GroupProj\MupadoodleAPI-Complete\packages\Microsoft.AspNet.WebPages.2.0.20505.0\lib\net40\System.Web.Helpers.dll" />
      <DeploymentItem filename="C:\Louise\Semester3\EnterpriseFrameworks\GroupProj\MupadoodleAPI-Complete\packages\Microsoft.AspNet.WebApi.Client.4.0.20505.0\lib\net40\System.Net.Http.Formatting.dll" />
      <DeploymentItem filename="C:\Louise\Semester3\EnterpriseFrameworks\GroupProj\MupadoodleAPI-Complete\packages\Microsoft.Web.Infrastructure.1.0.0.0\lib\net40\Microsoft.Web.Infrastructure.dll" />
      <DeploymentItem filename="C:\Louise\Semester3\EnterpriseFrameworks\GroupProj\MupadoodleAPI-Complete\packages\Microsoft.AspNet.Razor.2.0.20505.0\lib\net40\System.Web.Razor.dll" />
      <DeploymentItem filename="C:\Louise\Semester3\EnterpriseFrameworks\GroupProj\MupadoodleAPI-Complete\packages\Microsoft.AspNet.WebPages.2.0.20505.0\lib\net40\System.Web.WebPages.Razor.dll" />
      <DeploymentItem filename="C:\Louise\Semester3\EnterpriseFrameworks\GroupProj\MupadoodleAPI-Complete\packages\Microsoft.AspNet.WebPages.2.0.20505.0\lib\net40\System.Web.WebPages.dll" />
      <DeploymentItem filename="C:\Louise\Semester3\EnterpriseFrameworks\GroupProj\MupadoodleAPI-Complete\packages\Newtonsoft.Json.4.5.1\lib\net40\Newtonsoft.Json.dll" />
      <DeploymentItem filename="C:\Louise\Semester3\EnterpriseFrameworks\GroupProj\MupadoodleAPI-Complete\packages\Microsoft.AspNet.WebPages.2.0.20505.0\lib\net40\System.Web.WebPages.Deployment.dll" />
      <DeploymentItem filename="C:\Louise\Semester3\EnterpriseFrameworks\GroupProj\MupadoodleAPI-Complete\packages\Microsoft.AspNet.WebApi.WebHost.4.0.20505.0\lib\net40\System.Web.Http.WebHost.dll" />
      <DeploymentItem filename="C:\Program Files\NLog\.NET Framework 4.0\NLog.dll" />
      <DeploymentItem filename="C:\Louise\Semester3\EnterpriseFrameworks\GroupProj\MupadoodleAPI-Complete\packages\Microsoft.Net.Http.2.0.20505.0\lib\net40\System.Net.Http.WebRequest.dll" />
      <DeploymentItem filename="C:\Louise\Semester3\EnterpriseFrameworks\GroupProj\MupadoodleAPI-Complete\MupadoodleAPI.Tests\bin\Debug\EntityFramework.dll" />
      <DeploymentItem filename="C:\Louise\Semester3\EnterpriseFrameworks\GroupProj\MupadoodleAPI-Complete\MupadoodleAPI\bin\MupadoodleAPI.dll" />
      <DeploymentItem filename="C:\Louise\Semester3\EnterpriseFrameworks\GroupProj\MupadoodleAPI-Complete\MupadoodleAPI.Tests\bin\Debug\System.Web.Optimization.dll" />
      <DeploymentItem filename="C:\Louise\Semester3\EnterpriseFrameworks\GroupProj\MupadoodleAPI-Complete\packages\Microsoft.AspNet.Mvc.4.0.20505.0\lib\net40\System.Web.Mvc.dll" />
      <DeploymentItem filename="C:\Louise\Semester3\EnterpriseFrameworks\GroupProj\MupadoodleAPI-Complete\packages\Microsoft.AspNet.WebApi.Core.4.0.20505.0\lib\net40\System.Web.Http.dll" />
    </Deployment>
    <Execution>
      <TestTypeSpecific />
      <AgentRule name="Execution Agents">
      </AgentRule>
    </Execution>
  </TestSettings>
  <Times creation="2012-07-26T17:39:01.2520040+01:00" queuing="2012-07-26T17:39:02.8850974+01:00" start="2012-07-26T17:39:03.1621132+01:00" finish="2012-07-26T17:39:09.9024987+01:00" />
  <ResultSummary outcome="Completed">
    <Counters total="5" executed="5" passed="5" error="0" failed="0" timeout="0" aborted="0" inconclusive="0" passedButRunAborted="0" notRunnable="0" notExecuted="0" disconnected="0" warning="0" completed="0" inProgress="0" pending="0" />
  </ResultSummary>
  <TestDefinitions>
    <UnitTest name="parseShapeTest" storage="c:\louise\semester3\enterpriseframeworks\groupproj\mupadoodleapi-complete\mupadoodleapi.tests\bin\debug\mupadoodleapi.tests.dll" id="13616ed8-b3b0-79ce-c6a4-93b6f6f0ac76">
      <Execution id="1d0b1e3d-7be5-4ba4-9b95-eee550ed225b" />
      <TestMethod codeBase="C:/Louise/Semester3/EnterpriseFrameworks/GroupProj/MupadoodleAPI-Complete/MupadoodleAPI.Tests/bin/Debug/MupadoodleAPI.Tests.DLL" adapterTypeName="Microsoft.VisualStudio.TestTools.TestTypes.Unit.UnitTestAdapter, Microsoft.VisualStudio.QualityTools.Tips.UnitTest.Adapter, Version=10.0.0.0, Culture=neutral, PublicKeyToken=b03f5f7f11d50a3a" className="MupadoodleAPI.Tests.CSVParserTest, MupadoodleAPI.Tests, Version=1.0.0.0, Culture=neutral, PublicKeyToken=null" name="parseShapeTest" />
    </UnitTest>
    <UnitTest name="DeveloperTest" storage="c:\louise\semester3\enterpriseframeworks\groupproj\mupadoodleapi-complete\mupadoodleapi.tests\bin\debug\mupadoodleapi.tests.dll" id="d45afd85-4f82-ce53-ea6e-f9dab34a2cb2">
      <Execution id="a5f9041d-85de-455c-8839-310f700692cb" />
      <TestMethod codeBase="C:/Louise/Semester3/EnterpriseFrameworks/GroupProj/MupadoodleAPI-Complete/MupadoodleAPI.Tests/bin/Debug/MupadoodleAPI.Tests.DLL" adapterTypeName="Microsoft.VisualStudio.TestTools.TestTypes.Unit.UnitTestAdapter, Microsoft.VisualStudio.QualityTools.Tips.UnitTest.Adapter, Version=10.0.0.0, Culture=neutral, PublicKeyToken=b03f5f7f11d50a3a" className="MupadoodleAPI.Tests.HomeControllerTest, MupadoodleAPI.Tests, Version=1.0.0.0, Culture=neutral, PublicKeyToken=null" name="DeveloperTest" />
    </UnitTest>
    <UnitTest name="parseMuseumsTest" storage="c:\louise\semester3\enterpriseframeworks\groupproj\mupadoodleapi-complete\mupadoodleapi.tests\bin\debug\mupadoodleapi.tests.dll" id="ed4a00bb-1100-73a9-0b5b-a7134fdc6366">
      <Execution id="1636cb83-ecc0-421f-8b59-27899db34b95" />
      <TestMethod codeBase="C:/Louise/Semester3/EnterpriseFrameworks/GroupProj/MupadoodleAPI-Complete/MupadoodleAPI.Tests/bin/Debug/MupadoodleAPI.Tests.DLL" adapterTypeName="Microsoft.VisualStudio.TestTools.TestTypes.Unit.UnitTestAdapter, Microsoft.VisualStudio.QualityTools.Tips.UnitTest.Adapter, Version=10.0.0.0, Culture=neutral, PublicKeyToken=b03f5f7f11d50a3a" className="MupadoodleAPI.Tests.CSVParserTest, MupadoodleAPI.Tests, Version=1.0.0.0, Culture=neutral, PublicKeyToken=null" name="parseMuseumsTest" />
    </UnitTest>
    <UnitTest name="IndexTest" storage="c:\louise\semester3\enterpriseframeworks\groupproj\mupadoodleapi-complete\mupadoodleapi.tests\bin\debug\mupadoodleapi.tests.dll" id="6e3538bc-686e-25b3-e926-aaeee675c36a">
      <Execution id="eb877fc4-a8ac-44fe-887c-8c65e33eb2bd" />
      <TestMethod codeBase="C:/Louise/Semester3/EnterpriseFrameworks/GroupProj/MupadoodleAPI-Complete/MupadoodleAPI.Tests/bin/Debug/MupadoodleAPI.Tests.DLL" adapterTypeName="Microsoft.VisualStudio.TestTools.TestTypes.Unit.UnitTestAdapter, Microsoft.VisualStudio.QualityTools.Tips.UnitTest.Adapter, Version=10.0.0.0, Culture=neutral, PublicKeyToken=b03f5f7f11d50a3a" className="MupadoodleAPI.Tests.HomeControllerTest, MupadoodleAPI.Tests, Version=1.0.0.0, Culture=neutral, PublicKeyToken=null" name="IndexTest" />
    </UnitTest>
    <UnitTest name="supportsTypeTest" storage="c:\louise\semester3\enterpriseframeworks\groupproj\mupadoodleapi-complete\mupadoodleapi.tests\bin\debug\mupadoodleapi.tests.dll" id="b8629021-676b-16b6-2eb1-ae24fce633e1">
      <Execution id="bf89fe8a-46c2-4976-8e21-9bbdb4595690" />
      <TestMethod codeBase="C:/Louise/Semester3/EnterpriseFrameworks/GroupProj/MupadoodleAPI-Complete/MupadoodleAPI.Tests/bin/Debug/MupadoodleAPI.Tests.DLL" adapterTypeName="Microsoft.VisualStudio.TestTools.TestTypes.Unit.UnitTestAdapter, Microsoft.VisualStudio.QualityTools.Tips.UnitTest.Adapter, Version=10.0.0.0, Culture=neutral, PublicKeyToken=b03f5f7f11d50a3a" className="MupadoodleAPI.Tests.CSVParserTest, MupadoodleAPI.Tests, Version=1.0.0.0, Culture=neutral, PublicKeyToken=null" name="supportsTypeTest" />
    </UnitTest>
  </TestDefinitions>
  <TestLists>
    <TestList name="Results Not in a List" id="8c84fa94-04c1-424b-9868-57a2d4851a1d" />
    <TestList name="All Loaded Results" id="19431567-8539-422a-85d7-44ee4e166bda" />
  </TestLists>
  <TestEntries>
    <TestEntry testId="13616ed8-b3b0-79ce-c6a4-93b6f6f0ac76" executionId="1d0b1e3d-7be5-4ba4-9b95-eee550ed225b" testListId="8c84fa94-04c1-424b-9868-57a2d4851a1d" />
    <TestEntry testId="6e3538bc-686e-25b3-e926-aaeee675c36a" executionId="eb877fc4-a8ac-44fe-887c-8c65e33eb2bd" testListId="8c84fa94-04c1-424b-9868-57a2d4851a1d" />
    <TestEntry testId="b8629021-676b-16b6-2eb1-ae24fce633e1" executionId="bf89fe8a-46c2-4976-8e21-9bbdb4595690" testListId="8c84fa94-04c1-424b-9868-57a2d4851a1d" />
    <TestEntry testId="d45afd85-4f82-ce53-ea6e-f9dab34a2cb2" executionId="a5f9041d-85de-455c-8839-310f700692cb" testListId="8c84fa94-04c1-424b-9868-57a2d4851a1d" />
    <TestEntry testId="ed4a00bb-1100-73a9-0b5b-a7134fdc6366" executionId="1636cb83-ecc0-421f-8b59-27899db34b95" testListId="8c84fa94-04c1-424b-9868-57a2d4851a1d" />
  </TestEntries>
  <Results>
    <UnitTestResult executionId="1d0b1e3d-7be5-4ba4-9b95-eee550ed225b" testId="13616ed8-b3b0-79ce-c6a4-93b6f6f0ac76" testName="parseShapeTest" computerName="ASUS" duration="00:00:00.0583190" startTime="2012-07-26T17:39:03.3771255+01:00" endTime="2012-07-26T17:39:04.0861661+01:00" testType="13cdc9d9-ddb5-4fa4-a97d-d965ccfc6d4b" outcome="Passed" testListId="8c84fa94-04c1-424b-9868-57a2d4851a1d" relativeResultsDirectory="1d0b1e3d-7be5-4ba4-9b95-eee550ed225b">
    </UnitTestResult>
    <UnitTestResult executionId="eb877fc4-a8ac-44fe-887c-8c65e33eb2bd" testId="6e3538bc-686e-25b3-e926-aaeee675c36a" testName="IndexTest" computerName="ASUS" duration="00:00:05.4416742" startTime="2012-07-26T17:39:04.0921664+01:00" endTime="2012-07-26T17:39:09.5474784+01:00" testType="13cdc9d9-ddb5-4fa4-a97d-d965ccfc6d4b" outcome="Passed" testListId="8c84fa94-04c1-424b-9868-57a2d4851a1d" relativeResultsDirectory="eb877fc4-a8ac-44fe-887c-8c65e33eb2bd">
      <Output>
        <DebugTrace>Using connection strings property
LocalSqlServer: Name:           {0}
data source=.\SQLEXPRESS;Integrated Security=SSPI;AttachDBFilename=|DataDirectory|aspnetdb.mdf;User Instance=true: Connection String:           {0}
System.Data.SqlClient: Provider:           {0}
Using connection strings property
LocalSqlServer: Name:           {0}
data source=.\SQLEXPRESS;Integrated Security=SSPI;AttachDBFilename=|DataDirectory|aspnetdb.mdf;User Instance=true: Connection String:           {0}
System.Data.SqlClient: Provider:           {0}
Using connection strings property
LocalSqlServer: Name:           {0}
data source=.\SQLEXPRESS;Integrated Security=SSPI;AttachDBFilename=|DataDirectory|aspnetdb.mdf;User Instance=true: Connection String:           {0}
System.Data.SqlClient: Provider:           {0}
</DebugTrace>
      </Output>
    </UnitTestResult>
    <UnitTestResult executionId="bf89fe8a-46c2-4976-8e21-9bbdb4595690" testId="b8629021-676b-16b6-2eb1-ae24fce633e1" testName="supportsTypeTest" computerName="ASUS" duration="00:00:00.0044220" startTime="2012-07-26T17:39:09.5614792+01:00" endTime="2012-07-26T17:39:09.5734799+01:00" testType="13cdc9d9-ddb5-4fa4-a97d-d965ccfc6d4b" outcome="Passed" testListId="8c84fa94-04c1-424b-9868-57a2d4851a1d" relativeResultsDirectory="bf89fe8a-46c2-4976-8e21-9bbdb4595690">
    </UnitTestResult>
    <UnitTestResult executionId="a5f9041d-85de-455c-8839-310f700692cb" testId="d45afd85-4f82-ce53-ea6e-f9dab34a2cb2" testName="DeveloperTest" computerName="ASUS" duration="00:00:00.0028541" startTime="2012-07-26T17:39:09.5764801+01:00" endTime="2012-07-26T17:39:09.5934811+01:00" testType="13cdc9d9-ddb5-4fa4-a97d-d965ccfc6d4b" outcome="Passed" testListId="8c84fa94-04c1-424b-9868-57a2d4851a1d" relativeResultsDirectory="a5f9041d-85de-455c-8839-310f700692cb">
    </UnitTestResult>
    <UnitTestResult executionId="1636cb83-ecc0-421f-8b59-27899db34b95" testId="ed4a00bb-1100-73a9-0b5b-a7134fdc6366" testName="parseMuseumsTest" computerName="ASUS" duration="00:00:00.0332141" startTime="2012-07-26T17:39:09.5964812+01:00" endTime="2012-07-26T17:39:09.6464841+01:00" testType="13cdc9d9-ddb5-4fa4-a97d-d965ccfc6d4b" outcome="Passed" testListId="8c84fa94-04c1-424b-9868-57a2d4851a1d" relativeResultsDirectory="1636cb83-ecc0-421f-8b59-27899db34b95">
    </UnitTestResult>
  </Results>
</TestRun>